<?xml version="1.0" encoding="UTF-8"?>
<!-- Generated by org.testng.reporters.JUnitReportReporter -->
<testsuite hostname="admin-PC" failures="0" tests="1" name="com.infor.test.InforTest" time="34.159" errors="0" timestamp="16 Apr 2021 18:26:46 GMT" skipped="0">
  <testcase classname="com.infor.test.InforTest" name="verify_Webinar" time="34.159"/>
</testsuite> <!-- com.infor.test.InforTest -->
